{"/Users/jackskates/Documents/final-project/excuse/frontend/App.js": {"path":"/Users/jackskates/Documents/final-project/excuse/frontend/App.js","statementMap":{"0":{"start":{"line":7,"column":30},"end":{"line":7,"column":42}},"1":{"start":{"line":8,"column":48},"end":{"line":8,"column":63}},"2":{"start":{"line":10,"column":25},"end":{"line":23,"column":3}},"3":{"start":{"line":11,"column":4},"end":{"line":22,"column":5}},"4":{"start":{"line":12,"column":6},"end":{"line":12,"column":26}},"5":{"start":{"line":13,"column":23},"end":{"line":13,"column":81}},"6":{"start":{"line":14,"column":19},"end":{"line":14,"column":32}},"7":{"start":{"line":15,"column":6},"end":{"line":15,"column":27}},"8":{"start":{"line":17,"column":6},"end":{"line":17,"column":29}},"9":{"start":{"line":18,"column":6},"end":{"line":18,"column":31}},"10":{"start":{"line":20,"column":6},"end":{"line":20,"column":25}},"11":{"start":{"line":21,"column":6},"end":{"line":21,"column":88}},"12":{"start":{"line":25,"column":22},"end":{"line":33,"column":3}},"13":{"start":{"line":26,"column":4},"end":{"line":32,"column":5}},"14":{"start":{"line":27,"column":6},"end":{"line":29,"column":8}},"15":{"start":{"line":31,"column":6},"end":{"line":31,"column":25}},"16":{"start":{"line":35,"column":2},"end":{"line":57,"column":4}},"17":{"start":{"line":60,"column":15},"end":{"line":80,"column":2}}},"fnMap":{"0":{"name":"App","decl":{"start":{"line":6,"column":24},"end":{"line":6,"column":27}},"loc":{"start":{"line":6,"column":30},"end":{"line":58,"column":1}},"line":6},"1":{"name":"(anonymous_1)","decl":{"start":{"line":10,"column":25},"end":{"line":10,"column":26}},"loc":{"start":{"line":10,"column":37},"end":{"line":23,"column":3}},"line":10},"2":{"name":"(anonymous_2)","decl":{"start":{"line":25,"column":22},"end":{"line":25,"column":23}},"loc":{"start":{"line":25,"column":34},"end":{"line":33,"column":3}},"line":25}},"branchMap":{"0":{"loc":{"start":{"line":45,"column":11},"end":{"line":51,"column":9}},"type":"binary-expr","locations":[{"start":{"line":45,"column":11},"end":{"line":45,"column":26}},{"start":{"line":46,"column":10},"end":{"line":50,"column":17}}],"line":45}},"s":{"0":8,"1":8,"2":8,"3":3,"4":3,"5":3,"6":2,"7":2,"8":2,"9":2,"10":1,"11":1,"12":8,"13":0,"14":0,"15":0,"16":8,"17":1},"f":{"0":8,"1":3,"2":0},"b":{"0":[8,2]},"_coverageSchema":"1a1c01bbd47fc00a2c39e90264f33305004495a9","hash":"c7e0c4602359ef5c5da2bd39d777324c1ba0f528"}
,"/Users/jackskates/Documents/final-project/excuse/frontend/assets/background.png": {"path":"/Users/jackskates/Documents/final-project/excuse/frontend/assets/background.png","statementMap":{"0":{"start":{"line":1,"column":0},"end":{"line":1,"column":19}}},"fnMap":{},"branchMap":{},"s":{"0":1},"f":{},"b":{},"_coverageSchema":"1a1c01bbd47fc00a2c39e90264f33305004495a9","hash":"2412eb4d7d21edd7de0dc38115be1d34f4712cdf"}
}
